<?xml version="1.0" encoding="UTF-8" ?>
<testsuite failures="0" time="0.007" errors="0" skipped="0" tests="9" name="showcase.ebay.ShapeTest">
  <properties>
[...]
</properties>
  <testcase time="0" classname="showcase.ebay.ShapeTest" name="testGetPower"/>
  <testcase time="0" classname="showcase.ebay.ShapeTest" name="testGetDirectConnections"/>
  <testcase time="0" classname="showcase.ebay.ShapeTest" name="testConnectExternally"/>
  <testcase time="0" classname="showcase.ebay.ShapeTest" name="testConnectIllegalArea"/>
  <testcase time="0" classname="showcase.ebay.ShapeTest" name="testConnectNull"/>
  <testcase time="0" classname="showcase.ebay.ShapeTest" name="testConnectItself"/>
  <testcase time="0" classname="showcase.ebay.ShapeTest" name="testConnectRepeatly"/>
  <testcase time="0" classname="showcase.ebay.ShapeTest" name="testConnectInternally"/>
  <testcase time="0.001" classname="showcase.ebay.ShapeTest" name="testSampleCase"/>
</testsuite>